# JRE version: OpenJDK Runtime Environment Temurin-17.0.7+7 (17.0.7+7) (build 17.0.7+7)
# Java VM: OpenJDK 64-Bit Server VM Temurin-17.0.7+7 (17.0.7+7, mixed mode, sharing, tiered, compressed oops, compressed class ptrs, g1 gc, windows-amd64)
GC Precious Log:
 CPUs: 4 total, 4 available
 Memory: 3976M
 Large Page Support: Disabled
 NUMA Support: Disabled
 Compressed Oops: Enabled (32-bit)
 Heap Region Size: 1M
 Heap Min Capacity: 8M
 Heap Initial Capacity: 64M
 Heap Max Capacity: 996M
 Pre-touch: Disabled
 Parallel Workers: 4
 Concurrent Workers: 1
 Concurrent Refinement Workers: 4
 Periodic GC: Disabled
Heap:
 garbage-first heap   total 65536K, used 33187K [0x00000000c1c00000, 0x0000000100000000)
  region size 1024K, 6 young (6144K), 1 survivors (1024K)
 Metaspace       used 22001K, committed 22208K, reserved 1114112K
  class space    used 2849K, committed 2944K, reserved 1048576K
GC Heap History (10 events):
Event: 1.298 GC heap before
{Heap before GC invocations=0 (full 0):
 garbage-first heap   total 65536K, used 12288K [0x00000000c1c00000, 0x0000000100000000)
  region size 1024K, 13 young (13312K), 0 survivors (0K)
 Metaspace       used 2883K, committed 3008K, reserved 1114112K
  class space    used 330K, committed 384K, reserved 1048576K
}
Event: 1.308 GC heap after
{Heap after GC invocations=1 (full 0):
 garbage-first heap   total 65536K, used 4264K [0x00000000c1c00000, 0x0000000100000000)
  region size 1024K, 2 young (2048K), 2 survivors (2048K)
 Metaspace       used 2883K, committed 3008K, reserved 1114112K
  class space    used 330K, committed 384K, reserved 1048576K
}
Event: 4.008 GC heap before
{Heap before GC invocations=1 (full 0):
 garbage-first heap   total 65536K, used 16552K [0x00000000c1c00000, 0x0000000100000000)
  region size 1024K, 14 young (14336K), 2 survivors (2048K)
 Metaspace       used 6530K, committed 6784K, reserved 1114112K
  class space    used 790K, committed 896K, reserved 1048576K
}
Event: 4.017 GC heap after
{Heap after GC invocations=2 (full 0):
 garbage-first heap   total 65536K, used 6566K [0x00000000c1c00000, 0x0000000100000000)
  region size 1024K, 2 young (2048K), 2 survivors (2048K)
 Metaspace       used 6530K, committed 6784K, reserved 1114112K
  class space    used 790K, committed 896K, reserved 1048576K
}
Event: 5.009 GC heap before
{Heap before GC invocations=2 (full 0):
 garbage-first heap   total 65536K, used 26022K [0x00000000c1c00000, 0x0000000100000000)
  region size 1024K, 21 young (21504K), 2 survivors (2048K)
 Metaspace       used 11553K, committed 11712K, reserved 1114112K
  class space    used 1424K, committed 1536K, reserved 1048576K
}
Event: 5.020 GC heap after
{Heap after GC invocations=3 (full 0):
 garbage-first heap   total 65536K, used 9757K [0x00000000c1c00000, 0x0000000100000000)
  region size 1024K, 3 young (3072K), 3 survivors (3072K)
 Metaspace       used 11553K, committed 11712K, reserved 1114112K
  class space    used 1424K, committed 1536K, reserved 1048576K
}
Event: 14.203 GC heap before
{Heap before GC invocations=3 (full 0):
 garbage-first heap   total 65536K, used 51741K [0x00000000c1c00000, 0x0000000100000000)
  region size 1024K, 28 young (28672K), 3 survivors (3072K)
 Metaspace       used 20192K, committed 20416K, reserved 1114112K
  class space    used 2574K, committed 2688K, reserved 1048576K
}
Event: 14.220 GC heap after
{Heap after GC invocations=4 (full 0):
 garbage-first heap   total 65536K, used 29231K [0x00000000c1c00000, 0x0000000100000000)
  region size 1024K, 2 young (2048K), 2 survivors (2048K)
 Metaspace       used 20192K, committed 20416K, reserved 1114112K
  class space    used 2574K, committed 2688K, reserved 1048576K
}
Event: 15.575 GC heap before
{Heap before GC invocations=4 (full 0):
 garbage-first heap   total 65536K, used 33327K [0x00000000c1c00000, 0x0000000100000000)
  region size 1024K, 7 young (7168K), 2 survivors (2048K)
 Metaspace       used 21338K, committed 21504K, reserved 1114112K
  class space    used 2745K, committed 2816K, reserved 1048576K
}
Event: 15.584 GC heap after
{Heap after GC invocations=5 (full 0):
 garbage-first heap   total 65536K, used 30115K [0x00000000c1c00000, 0x0000000100000000)
  region size 1024K, 1 young (1024K), 1 survivors (1024K)
 Metaspace       used 21338K, committed 21504K, reserved 1114112K
  class space    used 2745K, committed 2816K, reserved 1048576K
}

